2023-03-25 18:41:44,924:INFO:PyCaret Supervised Module
2023-03-25 18:41:44,925:INFO:ML Usecase: classification
2023-03-25 18:41:44,925:INFO:version 2.3.10
2023-03-25 18:41:44,925:INFO:Initializing setup()
2023-03-25 18:41:44,925:INFO:setup(target=mood, ml_usecase=classification, available_plots={'parameter': 'Hyperparameters', 'auc': 'AUC', 'confusion_matrix': 'Confusion Matrix', 'threshold': 'Threshold', 'pr': 'Precision Recall', 'error': 'Prediction Error', 'class_report': 'Class Report', 'rfe': 'Feature Selection', 'learning': 'Learning Curve', 'manifold': 'Manifold Learning', 'calibration': 'Calibration Curve', 'vc': 'Validation Curve', 'dimension': 'Dimensions', 'feature': 'Feature Importance', 'feature_all': 'Feature Importance (All)', 'boundary': 'Decision Boundary', 'lift': 'Lift Chart', 'gain': 'Gain Chart', 'tree': 'Decision Tree', 'ks': 'KS Statistic Plot'}, train_size=0.7, test_data=None, preprocess=True, imputation_type=simple, iterative_imputation_iters=5, categorical_features=['genres', 'sub-genres'], categorical_imputation=constant, categorical_iterative_imputer=lightgbm, ordinal_features=None, high_cardinality_features=None, high_cardinality_method=frequency, numeric_features=None, numeric_imputation=mean, numeric_iterative_imputer=lightgbm, date_features=None, ignore_features=None, normalize=False, normalize_method=zscore, transformation=False, transformation_method=yeo-johnson, handle_unknown_categorical=True, unknown_categorical_method=least_frequent, pca=False, pca_method=linear, pca_components=None, ignore_low_variance=False, combine_rare_levels=False, rare_level_threshold=0.1, bin_numeric_features=None, remove_outliers=False, outliers_threshold=0.05, remove_multicollinearity=False, multicollinearity_threshold=0.9, remove_perfect_collinearity=True, create_clusters=False, cluster_iter=20, polynomial_features=False, polynomial_degree=2, trigonometry_features=False, polynomial_threshold=0.1, group_features=None, group_names=None, feature_selection=False, feature_selection_threshold=0.8, feature_selection_method=classic, feature_interaction=False, feature_ratio=False, interaction_threshold=0.01, fix_imbalance=False, fix_imbalance_method=None, transform_target=False, transform_target_method=box-cox, data_split_shuffle=True, data_split_stratify=False, fold_strategy=stratifiedkfold, fold=10, fold_shuffle=False, fold_groups=None, n_jobs=-1, use_gpu=False, custom_pipeline=None, html=True, session_id=123, log_experiment=False, experiment_name=None, experiment_custom_tags=None, log_plots=False, log_profile=False, log_data=False, silent=False, verbose=True, profile=False, profile_kwargs=None, display=None)
2023-03-25 18:41:44,926:INFO:Checking environment
2023-03-25 18:41:44,926:INFO:python_version: 3.8.5
2023-03-25 18:41:44,926:INFO:python_build: ('default', 'Sep  3 2020 21:29:08')
2023-03-25 18:41:44,926:INFO:machine: AMD64
2023-03-25 18:41:44,926:INFO:platform: Windows-10-10.0.22621-SP0
2023-03-25 18:41:44,926:INFO:Memory: svmem(total=10673074176, available=4870144000, percent=54.4, used=5802930176, free=4870144000)
2023-03-25 18:41:44,926:INFO:Physical Core: 4
2023-03-25 18:41:44,926:INFO:Logical Core: 8
2023-03-25 18:41:44,926:INFO:Checking libraries
2023-03-25 18:41:44,927:INFO:pd==1.5.1
2023-03-25 18:41:44,927:INFO:numpy==1.20.3
2023-03-25 18:41:44,927:INFO:sklearn==1.2.2
2023-03-25 18:44:45,854:INFO:PyCaret Supervised Module
2023-03-25 18:44:45,854:INFO:ML Usecase: classification
2023-03-25 18:44:45,855:INFO:version 2.3.10
2023-03-25 18:44:45,856:INFO:Initializing setup()
2023-03-25 18:44:45,856:INFO:setup(target=mood, ml_usecase=classification, available_plots={'parameter': 'Hyperparameters', 'auc': 'AUC', 'confusion_matrix': 'Confusion Matrix', 'threshold': 'Threshold', 'pr': 'Precision Recall', 'error': 'Prediction Error', 'class_report': 'Class Report', 'rfe': 'Feature Selection', 'learning': 'Learning Curve', 'manifold': 'Manifold Learning', 'calibration': 'Calibration Curve', 'vc': 'Validation Curve', 'dimension': 'Dimensions', 'feature': 'Feature Importance', 'feature_all': 'Feature Importance (All)', 'boundary': 'Decision Boundary', 'lift': 'Lift Chart', 'gain': 'Gain Chart', 'tree': 'Decision Tree', 'ks': 'KS Statistic Plot'}, train_size=0.7, test_data=None, preprocess=True, imputation_type=simple, iterative_imputation_iters=5, categorical_features=['genres', 'sub-genres'], categorical_imputation=constant, categorical_iterative_imputer=lightgbm, ordinal_features=None, high_cardinality_features=None, high_cardinality_method=frequency, numeric_features=None, numeric_imputation=mean, numeric_iterative_imputer=lightgbm, date_features=None, ignore_features=None, normalize=False, normalize_method=zscore, transformation=False, transformation_method=yeo-johnson, handle_unknown_categorical=True, unknown_categorical_method=least_frequent, pca=False, pca_method=linear, pca_components=None, ignore_low_variance=False, combine_rare_levels=False, rare_level_threshold=0.1, bin_numeric_features=None, remove_outliers=False, outliers_threshold=0.05, remove_multicollinearity=False, multicollinearity_threshold=0.9, remove_perfect_collinearity=True, create_clusters=False, cluster_iter=20, polynomial_features=False, polynomial_degree=2, trigonometry_features=False, polynomial_threshold=0.1, group_features=None, group_names=None, feature_selection=False, feature_selection_threshold=0.8, feature_selection_method=classic, feature_interaction=False, feature_ratio=False, interaction_threshold=0.01, fix_imbalance=False, fix_imbalance_method=None, transform_target=False, transform_target_method=box-cox, data_split_shuffle=True, data_split_stratify=False, fold_strategy=stratifiedkfold, fold=10, fold_shuffle=False, fold_groups=None, n_jobs=-1, use_gpu=False, custom_pipeline=None, html=True, session_id=123, log_experiment=False, experiment_name=None, experiment_custom_tags=None, log_plots=False, log_profile=False, log_data=False, silent=False, verbose=True, profile=False, profile_kwargs=None, display=None)
2023-03-25 18:44:45,856:INFO:Checking environment
2023-03-25 18:44:45,856:INFO:python_version: 3.8.5
2023-03-25 18:44:45,856:INFO:python_build: ('default', 'Sep  3 2020 21:29:08')
2023-03-25 18:44:45,856:INFO:machine: AMD64
2023-03-25 18:44:45,857:INFO:platform: Windows-10-10.0.22621-SP0
2023-03-25 18:44:45,857:INFO:Memory: svmem(total=10673074176, available=4695572480, percent=56.0, used=5977501696, free=4695572480)
2023-03-25 18:44:45,857:INFO:Physical Core: 4
2023-03-25 18:44:45,858:INFO:Logical Core: 8
2023-03-25 18:44:45,858:INFO:Checking libraries
2023-03-25 18:44:45,858:INFO:pd==1.5.1
2023-03-25 18:44:45,858:INFO:numpy==1.20.3
2023-03-25 18:44:45,858:INFO:sklearn==1.2.2
2023-03-25 18:47:58,150:INFO:PyCaret Supervised Module
2023-03-25 18:47:58,151:INFO:ML Usecase: classification
2023-03-25 18:47:58,151:INFO:version 2.3.10
2023-03-25 18:47:58,151:INFO:Initializing setup()
2023-03-25 18:47:58,152:INFO:setup(target=mood, ml_usecase=classification, available_plots={'parameter': 'Hyperparameters', 'auc': 'AUC', 'confusion_matrix': 'Confusion Matrix', 'threshold': 'Threshold', 'pr': 'Precision Recall', 'error': 'Prediction Error', 'class_report': 'Class Report', 'rfe': 'Feature Selection', 'learning': 'Learning Curve', 'manifold': 'Manifold Learning', 'calibration': 'Calibration Curve', 'vc': 'Validation Curve', 'dimension': 'Dimensions', 'feature': 'Feature Importance', 'feature_all': 'Feature Importance (All)', 'boundary': 'Decision Boundary', 'lift': 'Lift Chart', 'gain': 'Gain Chart', 'tree': 'Decision Tree', 'ks': 'KS Statistic Plot'}, train_size=0.7, test_data=None, preprocess=True, imputation_type=simple, iterative_imputation_iters=5, categorical_features=['genres', 'sub-genres'], categorical_imputation=constant, categorical_iterative_imputer=lightgbm, ordinal_features=None, high_cardinality_features=None, high_cardinality_method=frequency, numeric_features=None, numeric_imputation=mean, numeric_iterative_imputer=lightgbm, date_features=None, ignore_features=None, normalize=False, normalize_method=zscore, transformation=False, transformation_method=yeo-johnson, handle_unknown_categorical=True, unknown_categorical_method=least_frequent, pca=False, pca_method=linear, pca_components=None, ignore_low_variance=False, combine_rare_levels=False, rare_level_threshold=0.1, bin_numeric_features=None, remove_outliers=False, outliers_threshold=0.05, remove_multicollinearity=False, multicollinearity_threshold=0.9, remove_perfect_collinearity=True, create_clusters=False, cluster_iter=20, polynomial_features=False, polynomial_degree=2, trigonometry_features=False, polynomial_threshold=0.1, group_features=None, group_names=None, feature_selection=False, feature_selection_threshold=0.8, feature_selection_method=classic, feature_interaction=False, feature_ratio=False, interaction_threshold=0.01, fix_imbalance=False, fix_imbalance_method=None, transform_target=False, transform_target_method=box-cox, data_split_shuffle=True, data_split_stratify=False, fold_strategy=stratifiedkfold, fold=10, fold_shuffle=False, fold_groups=None, n_jobs=-1, use_gpu=False, custom_pipeline=None, html=True, session_id=123, log_experiment=False, experiment_name=None, experiment_custom_tags=None, log_plots=False, log_profile=False, log_data=False, silent=False, verbose=True, profile=False, profile_kwargs=None, display=None)
2023-03-25 18:47:58,152:INFO:Checking environment
2023-03-25 18:47:58,153:INFO:python_version: 3.8.5
2023-03-25 18:47:58,153:INFO:python_build: ('default', 'Sep  3 2020 21:29:08')
2023-03-25 18:47:58,153:INFO:machine: AMD64
2023-03-25 18:47:58,153:INFO:platform: Windows-10-10.0.22621-SP0
2023-03-25 18:47:58,153:INFO:Memory: svmem(total=10673074176, available=4679081984, percent=56.2, used=5993992192, free=4679081984)
2023-03-25 18:47:58,154:INFO:Physical Core: 4
2023-03-25 18:47:58,154:INFO:Logical Core: 8
2023-03-25 18:47:58,154:INFO:Checking libraries
2023-03-25 18:47:58,154:INFO:pd==1.5.1
2023-03-25 18:47:58,154:INFO:numpy==1.20.3
2023-03-25 18:47:58,154:INFO:sklearn==1.2.2
